  main.cpp
C:\git\GitHub\GR_ambientOcclusion\Ambient Occlusion\Texture Mesh\vec3.h(107,15): warning C4244: '/=': conversione da 'double' a 'float'. Possibile perdita di dati.
  (compilazione del file di origine 'main.cpp')
  
C:\git\GitHub\GR_ambientOcclusion\Ambient Occlusion\Texture Mesh\vec3.h(108,15): warning C4244: '/=': conversione da 'double' a 'float'. Possibile perdita di dati.
  (compilazione del file di origine 'main.cpp')
  
C:\git\GitHub\GR_ambientOcclusion\Ambient Occlusion\Texture Mesh\vec3.h(109,15): warning C4244: '/=': conversione da 'double' a 'float'. Possibile perdita di dati.
  (compilazione del file di origine 'main.cpp')
  
C:\git\GitHub\GR_ambientOcclusion\Ambient Occlusion\Texture Mesh\texture.h(60,8): warning C4244: 'inizializzazione': conversione da 'float' a 'int'. Possibile perdita di dati.
  (compilazione del file di origine 'main.cpp')
  
C:\git\GitHub\GR_ambientOcclusion\Ambient Occlusion\Texture Mesh\texture.h(61,8): warning C4244: 'inizializzazione': conversione da 'float' a 'int'. Possibile perdita di dati.
  (compilazione del file di origine 'main.cpp')
  
C:\git\GitHub\GR_ambientOcclusion\Ambient Occlusion\Texture Mesh\sphere.h(61,25): warning C4244: '=': conversione da 'double' a 'float'. Possibile perdita di dati.
  (compilazione del file di origine 'main.cpp')
  
C:\git\GitHub\GR_ambientOcclusion\Ambient Occlusion\Texture Mesh\sphere.h(62,34): warning C4244: 'argomento': conversione da 'double' a 'float'. Possibile perdita di dati.
  (compilazione del file di origine 'main.cpp')
  
C:\git\GitHub\GR_ambientOcclusion\Ambient Occlusion\Texture Mesh\sphere.h(63,27): warning C4244: 'argomento': conversione da 'double' a 'float'. Possibile perdita di dati.
  (compilazione del file di origine 'main.cpp')
  
C:\git\GitHub\GR_ambientOcclusion\Ambient Occlusion\Texture Mesh\sphere.h(70,25): warning C4244: '=': conversione da 'double' a 'float'. Possibile perdita di dati.
  (compilazione del file di origine 'main.cpp')
  
C:\git\GitHub\GR_ambientOcclusion\Ambient Occlusion\Texture Mesh\sphere.h(71,34): warning C4244: 'argomento': conversione da 'double' a 'float'. Possibile perdita di dati.
  (compilazione del file di origine 'main.cpp')
  
C:\git\GitHub\GR_ambientOcclusion\Ambient Occlusion\Texture Mesh\sphere.h(72,27): warning C4244: 'argomento': conversione da 'double' a 'float'. Possibile perdita di dati.
  (compilazione del file di origine 'main.cpp')
  
C:\git\GitHub\GR_ambientOcclusion\Ambient Occlusion\Texture Mesh\sphere.h(115,27): warning C4244: '=': conversione da 'double' a 'float'. Possibile perdita di dati.
  (compilazione del file di origine 'main.cpp')
  
C:\git\GitHub\GR_ambientOcclusion\Ambient Occlusion\Texture Mesh\sphere.h(122,27): warning C4244: '=': conversione da 'double' a 'float'. Possibile perdita di dati.
  (compilazione del file di origine 'main.cpp')
  
C:\git\GitHub\GR_ambientOcclusion\Ambient Occlusion\Texture Mesh\mesh.h(69,41): warning C4267: '=': conversione da 'size_t' a 'int'. Possibile perdita di dati.
  (compilazione del file di origine 'main.cpp')
  
C:\git\GitHub\GR_ambientOcclusion\Ambient Occlusion\Texture Mesh\mesh.h(70,39): warning C4267: '=': conversione da 'size_t' a 'int'. Possibile perdita di dati.
  (compilazione del file di origine 'main.cpp')
  
C:\git\GitHub\GR_ambientOcclusion\Ambient Occlusion\Texture Mesh\mesh.h(71,42): warning C4267: '=': conversione da 'size_t' a 'int'. Possibile perdita di dati.
  (compilazione del file di origine 'main.cpp')
  
C:\git\GitHub\GR_ambientOcclusion\Ambient Occlusion\Texture Mesh\mesh.h(72,26): warning C4267: '=': conversione da 'size_t' a 'int'. Possibile perdita di dati.
  (compilazione del file di origine 'main.cpp')
  
C:\git\GitHub\GR_ambientOcclusion\Ambient Occlusion\Texture Mesh\sampler.h(108,23): warning C4244: 'inizializzazione': conversione da 'double' a 'float'. Possibile perdita di dati.
  (compilazione del file di origine 'main.cpp')
  
C:\git\GitHub\GR_ambientOcclusion\Ambient Occlusion\Texture Mesh\sampler.h(109,23): warning C4244: 'inizializzazione': conversione da 'double' a 'float'. Possibile perdita di dati.
  (compilazione del file di origine 'main.cpp')
  
C:\git\GitHub\GR_ambientOcclusion\Ambient Occlusion\Texture Mesh\ambient_occluder.h(44,21): warning C4267: 'inizializzazione': conversione da 'size_t' a 'int'. Possibile perdita di dati.
  (compilazione del file di origine 'main.cpp')
  
C:\git\GitHub\GR_ambientOcclusion\Ambient Occlusion\Texture Mesh\ambient_occluder.h(62,37): warning C4305: 'argomento': troncamento da 'double' a 'float'
  (compilazione del file di origine 'main.cpp')
  
C:\git\GitHub\GR_ambientOcclusion\Ambient Occlusion\Texture Mesh\ambient_occluder.h(62,23): warning C4305: 'argomento': troncamento da 'double' a 'float'
  (compilazione del file di origine 'main.cpp')
  
C:\git\GitHub\GR_ambientOcclusion\Ambient Occlusion\Texture Mesh\camera.h(67,32): warning C4244: 'argomento': conversione da 'int' a 'float'. Possibile perdita di dati.
  (compilazione del file di origine 'main.cpp')
  
C:\git\GitHub\GR_ambientOcclusion\Ambient Occlusion\Texture Mesh\camera.h(68,32): warning C4244: 'argomento': conversione da 'int' a 'float'. Possibile perdita di dati.
  (compilazione del file di origine 'main.cpp')
  
C:\git\GitHub\GR_ambientOcclusion\Ambient Occlusion\Texture Mesh\camera.h(87,20): warning C4244: 'argomento': conversione da 'int' a 'float'. Possibile perdita di dati.
  (compilazione del file di origine 'main.cpp')
  
C:\git\GitHub\GR_ambientOcclusion\Ambient Occlusion\Texture Mesh\camera.h(98,19): warning C4244: 'inizializzazione': conversione da 'int' a 'float'. Possibile perdita di dati.
  (compilazione del file di origine 'main.cpp')
  
C:\git\GitHub\GR_ambientOcclusion\Ambient Occlusion\Texture Mesh\camera.h(117,20): warning C4244: 'argomento': conversione da 'int' a 'float'. Possibile perdita di dati.
  (compilazione del file di origine 'main.cpp')
  
C:\git\GitHub\GR_ambientOcclusion\Ambient Occlusion\Texture Mesh\camera.h(136,19): warning C4244: 'inizializzazione': conversione da 'int' a 'float'. Possibile perdita di dati.
  (compilazione del file di origine 'main.cpp')
  
C:\git\GitHub\GR_ambientOcclusion\Ambient Occlusion\Texture Mesh\camera.h(155,20): warning C4244: 'argomento': conversione da 'int' a 'float'. Possibile perdita di dati.
  (compilazione del file di origine 'main.cpp')
  
C:\git\GitHub\GR_ambientOcclusion\Ambient Occlusion\Texture Mesh\camera.h(174,19): warning C4244: 'inizializzazione': conversione da 'int' a 'float'. Possibile perdita di dati.
  (compilazione del file di origine 'main.cpp')
  
C:\git\GitHub\GR_ambientOcclusion\Ambient Occlusion\Texture Mesh\camera.h(193,20): warning C4244: 'argomento': conversione da 'int' a 'float'. Possibile perdita di dati.
  (compilazione del file di origine 'main.cpp')
  
C:\git\GitHub\GR_ambientOcclusion\Ambient Occlusion\Texture Mesh\camera.h(218,38): warning C4244: 'argomento': conversione da 'int' a 'float'. Possibile perdita di dati.
  (compilazione del file di origine 'main.cpp')
  
C:\git\GitHub\GR_ambientOcclusion\Ambient Occlusion\Texture Mesh\camera.h(218,60): warning C4244: 'argomento': conversione da 'int' a 'float'. Possibile perdita di dati.
  (compilazione del file di origine 'main.cpp')
  
C:\git\GitHub\GR_ambientOcclusion\Ambient Occlusion\Texture Mesh\camera.h(229,12): warning C4244: 'inizializzazione': conversione da 'double' a 'float'. Possibile perdita di dati.
  (compilazione del file di origine 'main.cpp')
  
C:\git\GitHub\GR_ambientOcclusion\Ambient Occlusion\Texture Mesh\camera.h(230,12): warning C4244: 'inizializzazione': conversione da 'double' a 'float'. Possibile perdita di dati.
  (compilazione del file di origine 'main.cpp')
  
C:\git\GitHub\GR_ambientOcclusion\Ambient Occlusion\Texture Mesh\main.cpp(128,42): warning C4305: 'argomento': troncamento da 'double' a 'const float'
C:\git\GitHub\GR_ambientOcclusion\Ambient Occlusion\Texture Mesh\main.cpp(128,37): warning C4305: 'argomento': troncamento da 'double' a 'const float'
C:\git\GitHub\GR_ambientOcclusion\Ambient Occlusion\Texture Mesh\main.cpp(128,32): warning C4305: 'argomento': troncamento da 'double' a 'const float'
C:\git\GitHub\GR_ambientOcclusion\Ambient Occlusion\Texture Mesh\main.cpp(177,42): warning C4305: 'argomento': troncamento da 'double' a 'const float'
C:\git\GitHub\GR_ambientOcclusion\Ambient Occlusion\Texture Mesh\main.cpp(177,37): warning C4305: 'argomento': troncamento da 'double' a 'const float'
C:\git\GitHub\GR_ambientOcclusion\Ambient Occlusion\Texture Mesh\main.cpp(177,32): warning C4305: 'argomento': troncamento da 'double' a 'const float'
C:\git\GitHub\GR_ambientOcclusion\Ambient Occlusion\Texture Mesh\main.cpp(237,28): warning C4305: 'argomento': troncamento da 'double' a 'const float'
C:\git\GitHub\GR_ambientOcclusion\Ambient Occlusion\Texture Mesh\main.cpp(245,38): warning C4305: 'argomento': troncamento da 'double' a 'const float'
C:\git\GitHub\GR_ambientOcclusion\Ambient Occlusion\Texture Mesh\main.cpp(245,28): warning C4305: 'argomento': troncamento da 'double' a 'const float'
C:\git\GitHub\GR_ambientOcclusion\Ambient Occlusion\Texture Mesh\main.cpp(262,28): warning C4305: 'argomento': troncamento da 'double' a 'float'
C:\git\GitHub\GR_ambientOcclusion\Ambient Occlusion\Texture Mesh\main.cpp(398,38): warning C4305: 'argomento': troncamento da 'double' a 'const float'
C:\git\GitHub\GR_ambientOcclusion\Ambient Occlusion\Texture Mesh\main.cpp(398,33): warning C4305: 'argomento': troncamento da 'double' a 'const float'
C:\git\GitHub\GR_ambientOcclusion\Ambient Occlusion\Texture Mesh\main.cpp(398,28): warning C4305: 'argomento': troncamento da 'double' a 'const float'
C:\git\GitHub\GR_ambientOcclusion\Ambient Occlusion\Texture Mesh\main.cpp(406,28): warning C4305: 'argomento': troncamento da 'double' a 'const float'
C:\git\GitHub\GR_ambientOcclusion\Ambient Occlusion\Texture Mesh\main.cpp(414,28): warning C4305: 'argomento': troncamento da 'double' a 'const float'
C:\git\GitHub\GR_ambientOcclusion\Ambient Occlusion\Texture Mesh\main.cpp(422,38): warning C4305: 'argomento': troncamento da 'double' a 'const float'
C:\git\GitHub\GR_ambientOcclusion\Ambient Occlusion\Texture Mesh\main.cpp(422,28): warning C4305: 'argomento': troncamento da 'double' a 'const float'
C:\git\GitHub\GR_ambientOcclusion\Ambient Occlusion\Texture Mesh\main.cpp(433,44): warning C4305: 'argomento': troncamento da 'double' a 'const float'
C:\git\GitHub\GR_ambientOcclusion\Ambient Occlusion\Texture Mesh\main.cpp(433,38): warning C4305: 'argomento': troncamento da 'double' a 'const float'
C:\git\GitHub\GR_ambientOcclusion\Ambient Occlusion\Texture Mesh\main.cpp(433,32): warning C4305: 'argomento': troncamento da 'double' a 'const float'
C:\git\GitHub\GR_ambientOcclusion\Ambient Occlusion\Texture Mesh\main.cpp(439,25): warning C4305: 'argomento': troncamento da 'double' a 'float'
C:\git\GitHub\GR_ambientOcclusion\Ambient Occlusion\Texture Mesh\main.cpp(504,42): warning C4305: 'argomento': troncamento da 'double' a 'const float'
C:\git\GitHub\GR_ambientOcclusion\Ambient Occlusion\Texture Mesh\main.cpp(504,37): warning C4305: 'argomento': troncamento da 'double' a 'const float'
C:\git\GitHub\GR_ambientOcclusion\Ambient Occlusion\Texture Mesh\main.cpp(504,32): warning C4305: 'argomento': troncamento da 'double' a 'const float'
  Generazione codice in corso...
  Previous IPDB and IOBJ mismatch, fall back to full compilation.
C:\git\GitHub\GR_ambientOcclusion\Ambient Occlusion\Texture Mesh\main.cpp(105): warning C4715: 'getColor': non tutti i percorsi di controllo restituiscono un valore
  All 1998 functions were compiled because no usable IPDB/IOBJ from previous compilation was found.
  Generazione codice terminata
  Texture Mesh.vcxproj -> C:\git\GitHub\GR_ambientOcclusion\Ambient Occlusion\x64\Release\Texture Mesh.exe
