  main.cpp
C:\git\GitHub\GR_ambientOcclusion\Ambient Occlusion\Instancing\texture.h(60,8): warning C4244: 'inizializzazione': conversione da 'float' a 'int'. Possibile perdita di dati.
  (compilazione del file di origine 'main.cpp')
  
C:\git\GitHub\GR_ambientOcclusion\Ambient Occlusion\Instancing\texture.h(61,8): warning C4244: 'inizializzazione': conversione da 'float' a 'int'. Possibile perdita di dati.
  (compilazione del file di origine 'main.cpp')
  
C:\git\GitHub\GR_ambientOcclusion\Ambient Occlusion\Instancing\mesh.h(70,41): warning C4267: '=': conversione da 'size_t' a 'int'. Possibile perdita di dati.
  (compilazione del file di origine 'main.cpp')
  
C:\git\GitHub\GR_ambientOcclusion\Ambient Occlusion\Instancing\mesh.h(71,39): warning C4267: '=': conversione da 'size_t' a 'int'. Possibile perdita di dati.
  (compilazione del file di origine 'main.cpp')
  
C:\git\GitHub\GR_ambientOcclusion\Ambient Occlusion\Instancing\mesh.h(72,42): warning C4267: '=': conversione da 'size_t' a 'int'. Possibile perdita di dati.
  (compilazione del file di origine 'main.cpp')
  
C:\git\GitHub\GR_ambientOcclusion\Ambient Occlusion\Instancing\mesh.h(73,26): warning C4267: '=': conversione da 'size_t' a 'int'. Possibile perdita di dati.
  (compilazione del file di origine 'main.cpp')
  
C:\git\GitHub\GR_ambientOcclusion\Ambient Occlusion\Instancing\camera.h(70,34): warning C4244: 'argomento': conversione da 'int' a 'float'. Possibile perdita di dati.
  (compilazione del file di origine 'main.cpp')
  
C:\git\GitHub\GR_ambientOcclusion\Ambient Occlusion\Instancing\camera.h(71,34): warning C4244: 'argomento': conversione da 'int' a 'float'. Possibile perdita di dati.
  (compilazione del file di origine 'main.cpp')
  
C:\git\GitHub\GR_ambientOcclusion\Ambient Occlusion\Instancing\camera.h(90,24): warning C4244: 'argomento': conversione da 'int' a 'float'. Possibile perdita di dati.
  (compilazione del file di origine 'main.cpp')
  
C:\git\GitHub\GR_ambientOcclusion\Ambient Occlusion\Instancing\camera.h(110,24): warning C4244: 'argomento': conversione da 'int' a 'float'. Possibile perdita di dati.
  (compilazione del file di origine 'main.cpp')
  
C:\git\GitHub\GR_ambientOcclusion\Ambient Occlusion\Instancing\camera.h(135,40): warning C4244: 'argomento': conversione da 'int' a 'float'. Possibile perdita di dati.
  (compilazione del file di origine 'main.cpp')
  
C:\git\GitHub\GR_ambientOcclusion\Ambient Occlusion\Instancing\camera.h(135,62): warning C4244: 'argomento': conversione da 'int' a 'float'. Possibile perdita di dati.
  (compilazione del file di origine 'main.cpp')
  
C:\git\GitHub\GR_ambientOcclusion\Ambient Occlusion\Instancing\camera.h(146,14): warning C4244: 'inizializzazione': conversione da 'double' a 'float'. Possibile perdita di dati.
  (compilazione del file di origine 'main.cpp')
  
C:\git\GitHub\GR_ambientOcclusion\Ambient Occlusion\Instancing\camera.h(147,14): warning C4244: 'inizializzazione': conversione da 'double' a 'float'. Possibile perdita di dati.
  (compilazione del file di origine 'main.cpp')
  
  Generazione codice in corso...
  Previous IPDB and IOBJ mismatch, fall back to full compilation.
  All 839 functions were compiled because no usable IPDB/IOBJ from previous compilation was found.
  Generazione codice terminata
  Instancing.vcxproj -> C:\git\GitHub\GR_ambientOcclusion\Ambient Occlusion\x64\Release\Ray Tracing.exe
